2014-06-01 09:52:08.484 HelloCordova[15369:70b] Multi-tasking -> Device: YES, App: YES
2014-06-01 09:52:08.529 HelloCordova[15369:70b] Unlimited access to network resources
2014-06-01 09:52:08.754 HelloCordova[15369:70b] CDVPlugin class CDVStatusBar (pluginName: statusbar) does not exist.
2014-06-01 09:52:08.755 HelloCordova[15369:70b] [CDVTimer][statusbar] 0.829995ms
2014-06-01 09:52:08.756 HelloCordova[15369:70b] [CDVTimer][TotalPluginStartup] 1.354039ms
2014-06-01 09:52:08.973 HelloCordova[15369:70b] Resetting plugins due to page load.
2014-06-01 09:52:09.344 HelloCordova[15369:70b] Finished load of: file:///Users/Priscilla/Library/Application%20Support/iPhone%20Simulator/7.1/Applications/7306F29B-A5CC-476F-9713-DCFD4F8297A2/HelloCordova.app/www/index.html#/loading
2014-06-01 09:52:09.403 HelloCordova[15369:70b] email
2014-06-01 09:52:09.403 HelloCordova[15369:70b] email
2014-06-01 09:52:40.668 HelloCordova[15369:70b] sent  andrew@starwalker.com
2014-06-01 09:52:42.467 HelloCordova[15369:70b] sent  andrew@starwalker.com
2014-06-01 09:52:43.415 HelloCordova[15369:70b] success!
2014-06-01 09:52:43.415 HelloCordova[15369:70b] data:  [object Object]
status:  200
headers: function (name) {
    if (!headersObj) headersObj =  parseHeaders(headers);

    if (name) {
      return headersObj[lowercase(name)] || null;
    }

    return headersObj;
  }
config: [object Object]
2014-06-01 09:52:43.415 HelloCordova[15369:70b] success!
2014-06-01 09:52:43.416 HelloCordova[15369:70b] data:  [object Object]
status:  200
headers: function (name) {
    if (!headersObj) headersObj =  parseHeaders(headers);

    if (name) {
      return headersObj[lowercase(name)] || null;
    }

    return headersObj;
  }
config: [object Object]
2014-06-01 09:52:45.690 HelloCordova[15369:70b] sent  andrew@starwalker.com
2014-06-01 09:52:45.767 HelloCordova[15369:70b] success!
2014-06-01 09:52:45.768 HelloCordova[15369:70b] data:  [object Object]
status:  200
headers: function (name) {
    if (!headersObj) headersObj =  parseHeaders(headers);

    if (name) {
      return headersObj[lowercase(name)] || null;
    }

    return headersObj;
  }
config: [object Object]
2014-06-01 09:52:45.768 HelloCordova[15369:70b] existing
2014-06-01 09:52:47.038 HelloCordova[15369:70b] sent  andrew@starwalker.com
2014-06-01 09:52:47.112 HelloCordova[15369:70b] success!
2014-06-01 09:52:47.112 HelloCordova[15369:70b] data:  [object Object]
status:  200
headers: function (name) {
    if (!headersObj) headersObj =  parseHeaders(headers);

    if (name) {
      return headersObj[lowercase(name)] || null;
    }

    return headersObj;
  }
config: [object Object]
2014-06-01 09:52:47.113 HelloCordova[15369:70b] existing
2014-06-01 09:52:49.994 HelloCordova[15369:70b] sent  andrew@starwalker.com
2014-06-01 09:52:50.078 HelloCordova[15369:70b] success!
2014-06-01 09:52:50.078 HelloCordova[15369:70b] data:  [object Object]
status:  200
headers: function (name) {
    if (!headersObj) headersObj =  parseHeaders(headers);

    if (name) {
      return headersObj[lowercase(name)] || null;
    }

    return headersObj;
  }
config: [object Object]
2014-06-01 09:52:50.079 HelloCordova[15369:70b] existing
2014-06-01 09:53:10.454 HelloCordova[15369:70b] sent  andrew@starwalker.com
2014-06-01 09:53:10.531 HelloCordova[15369:70b] success!
2014-06-01 09:53:10.531 HelloCordova[15369:70b] data:  [object Object]
status:  200
headers: function (name) {
    if (!headersObj) headersObj =  parseHeaders(headers);

    if (name) {
      return headersObj[lowercase(name)] || null;
    }

    return headersObj;
  }
config: [object Object]
2014-06-01 09:53:10.532 HelloCordova[15369:70b] existing
2014-06-01 09:53:11.134 HelloCordova[15369:70b] sent  andrew@starwalker.com
2014-06-01 09:53:11.216 HelloCordova[15369:70b] success!
2014-06-01 09:53:11.216 HelloCordova[15369:70b] data:  [object Object]
status:  200
headers: function (name) {
    if (!headersObj) headersObj =  parseHeaders(headers);

    if (name) {
      return headersObj[lowercase(name)] || null;
    }

    return headersObj;
  }
config: [object Object]
2014-06-01 09:53:11.216 HelloCordova[15369:70b] existing
2014-06-01 09:53:11.788 HelloCordova[15369:70b] sent  andrew@starwalker.com
2014-06-01 09:53:11.863 HelloCordova[15369:70b] success!
2014-06-01 09:53:11.863 HelloCordova[15369:70b] data:  [object Object]
status:  200
headers: function (name) {
    if (!headersObj) headersObj =  parseHeaders(headers);

    if (name) {
      return headersObj[lowercase(name)] || null;
    }

    return headersObj;
  }
config: [object Object]
2014-06-01 09:53:11.863 HelloCordova[15369:70b] existing
2014-06-01 09:53:13.301 HelloCordova[15369:70b] sent  andrew@starwalker.com
2014-06-01 09:53:13.384 HelloCordova[15369:70b] success!
2014-06-01 09:53:13.384 HelloCordova[15369:70b] data:  [object Object]
status:  200
headers: function (name) {
    if (!headersObj) headersObj =  parseHeaders(headers);

    if (name) {
      return headersObj[lowercase(name)] || null;
    }

    return headersObj;
  }
config: [object Object]
2014-06-01 09:53:13.384 HelloCordova[15369:70b] existing
2014-06-01 09:53:29.972 HelloCordova[15369:70b] sent  andrew@starwalker.com
2014-06-01 09:53:30.051 HelloCordova[15369:70b] success!
2014-06-01 09:53:30.051 HelloCordova[15369:70b] data:  [object Object]
status:  200
headers: function (name) {
    if (!headersObj) headersObj =  parseHeaders(headers);

    if (name) {
      return headersObj[lowercase(name)] || null;
    }

    return headersObj;
  }
config: [object Object]
2014-06-01 09:53:30.052 HelloCordova[15369:70b] existing
2014-06-01 10:04:30.470 HelloCordova[15369:70b] sent  andrew@starwalker.com
2014-06-01 10:04:30.630 HelloCordova[15369:70b] success!
2014-06-01 10:04:30.631 HelloCordova[15369:70b] data:  [object Object]
status:  200
headers: function (name) {
    if (!headersObj) headersObj =  parseHeaders(headers);

    if (name) {
      return headersObj[lowercase(name)] || null;
    }

    return headersObj;
  }
config: [object Object]
2014-06-01 10:04:30.631 HelloCordova[15369:70b] existing
2014-06-01 10:04:31.096 HelloCordova[15369:70b] sent  andrew@starwalker.com
2014-06-01 10:04:31.177 HelloCordova[15369:70b] success!
2014-06-01 10:04:31.178 HelloCordova[15369:70b] data:  [object Object]
status:  200
headers: function (name) {
    if (!headersObj) headersObj =  parseHeaders(headers);

    if (name) {
      return headersObj[lowercase(name)] || null;
    }

    return headersObj;
  }
config: [object Object]
2014-06-01 10:04:31.178 HelloCordova[15369:70b] existing
2014-06-01 10:04:31.522 HelloCordova[15369:70b] sent  andrew@starwalker.com
2014-06-01 10:04:31.599 HelloCordova[15369:70b] success!
2014-06-01 10:04:31.599 HelloCordova[15369:70b] data:  [object Object]
status:  200
headers: function (name) {
    if (!headersObj) headersObj =  parseHeaders(headers);

    if (name) {
      return headersObj[lowercase(name)] || null;
    }

    return headersObj;
  }
config: [object Object]
2014-06-01 10:04:31.599 HelloCordova[15369:70b] existing
2014-06-01 11:28:18.565 HelloCordova[16990:70b] Multi-tasking -> Device: YES, App: YES
2014-06-01 11:28:18.575 HelloCordova[16990:70b] Unlimited access to network resources
2014-06-01 11:28:18.603 HelloCordova[16990:70b] CDVPlugin class CDVStatusBar (pluginName: statusbar) does not exist.
2014-06-01 11:28:18.604 HelloCordova[16990:70b] [CDVTimer][statusbar] 0.593960ms
2014-06-01 11:28:18.605 HelloCordova[16990:70b] [CDVTimer][TotalPluginStartup] 1.160026ms
2014-06-01 11:28:18.675 HelloCordova[16990:70b] Resetting plugins due to page load.
2014-06-01 11:28:18.949 HelloCordova[16990:70b] Finished load of: file:///Users/Priscilla/Library/Application%20Support/iPhone%20Simulator/7.1/Applications/7306F29B-A5CC-476F-9713-DCFD4F8297A2/HelloCordova.app/www/index.html#/email
2014-06-01 11:34:54.125 HelloCordova[17457:70b] Multi-tasking -> Device: YES, App: YES
2014-06-01 11:34:54.134 HelloCordova[17457:70b] Unlimited access to network resources
2014-06-01 11:34:54.153 HelloCordova[17457:70b] CDVPlugin class CDVStatusBar (pluginName: statusbar) does not exist.
2014-06-01 11:34:54.154 HelloCordova[17457:70b] [CDVTimer][statusbar] 0.594020ms
2014-06-01 11:34:54.154 HelloCordova[17457:70b] [CDVTimer][TotalPluginStartup] 1.130998ms
2014-06-01 11:34:54.220 HelloCordova[17457:70b] Resetting plugins due to page load.
2014-06-01 11:34:54.480 HelloCordova[17457:70b] Finished load of: file:///Users/Priscilla/Library/Application%20Support/iPhone%20Simulator/7.1/Applications/7306F29B-A5CC-476F-9713-DCFD4F8297A2/HelloCordova.app/www/index.html#/email
2014-06-01 12:54:30.974 HelloCordova[18797:70b] Multi-tasking -> Device: YES, App: YES
2014-06-01 12:54:30.981 HelloCordova[18797:70b] Unlimited access to network resources
2014-06-01 12:54:31.000 HelloCordova[18797:70b] CDVPlugin class CDVStatusBar (pluginName: statusbar) does not exist.
2014-06-01 12:54:31.001 HelloCordova[18797:70b] [CDVTimer][statusbar] 0.469983ms
2014-06-01 12:54:31.001 HelloCordova[18797:70b] [CDVTimer][TotalPluginStartup] 0.852048ms
2014-06-01 12:54:31.093 HelloCordova[18797:70b] Resetting plugins due to page load.
2014-06-01 12:54:31.323 HelloCordova[18797:70b] Finished load of: file:///Users/Priscilla/Library/Application%20Support/iPhone%20Simulator/7.1/Applications/7306F29B-A5CC-476F-9713-DCFD4F8297A2/HelloCordova.app/www/index.html#/loading
2014-06-03 22:54:24.912 HelloCordova[39084:70b] Multi-tasking -> Device: YES, App: YES
2014-06-03 22:54:24.930 HelloCordova[39084:70b] Unlimited access to network resources
2014-06-03 22:54:25.038 HelloCordova[39084:70b] CDVPlugin class CDVStatusBar (pluginName: statusbar) does not exist.
2014-06-03 22:54:25.038 HelloCordova[39084:70b] [CDVTimer][statusbar] 0.566959ms
2014-06-03 22:54:25.039 HelloCordova[39084:70b] [CDVTimer][TotalPluginStartup] 1.131952ms
2014-06-03 22:54:25.222 HelloCordova[39084:70b] Resetting plugins due to page load.
2014-06-03 22:54:25.648 HelloCordova[39084:70b] Finished load of: file:///Users/Priscilla/Library/Application%20Support/iPhone%20Simulator/7.1/Applications/7306F29B-A5CC-476F-9713-DCFD4F8297A2/HelloCordova.app/www/index.html#/loading
2014-06-03 23:13:44.630 HelloCordova[39084:70b] outside Range
2014-06-03 23:17:49.508 HelloCordova[39525:70b] Multi-tasking -> Device: YES, App: YES
2014-06-03 23:17:49.514 HelloCordova[39525:70b] Unlimited access to network resources
2014-06-03 23:17:49.530 HelloCordova[39525:70b] CDVPlugin class CDVStatusBar (pluginName: statusbar) does not exist.
2014-06-03 23:17:49.531 HelloCordova[39525:70b] [CDVTimer][statusbar] 0.484943ms
2014-06-03 23:17:49.531 HelloCordova[39525:70b] [CDVTimer][TotalPluginStartup] 0.885010ms
2014-06-03 23:17:49.575 HelloCordova[39525:70b] Resetting plugins due to page load.
2014-06-03 23:17:49.779 HelloCordova[39525:70b] Finished load of: file:///Users/Priscilla/Library/Application%20Support/iPhone%20Simulator/7.1/Applications/7306F29B-A5CC-476F-9713-DCFD4F8297A2/HelloCordova.app/www/index.html#/email
2014-06-03 23:18:53.171 HelloCordova[39805:70b] Multi-tasking -> Device: YES, App: YES
2014-06-03 23:18:53.177 HelloCordova[39805:70b] Unlimited access to network resources
2014-06-03 23:18:53.193 HelloCordova[39805:70b] CDVPlugin class CDVStatusBar (pluginName: statusbar) does not exist.
2014-06-03 23:18:53.194 HelloCordova[39805:70b] [CDVTimer][statusbar] 0.482023ms
2014-06-03 23:18:53.194 HelloCordova[39805:70b] [CDVTimer][TotalPluginStartup] 0.869989ms
2014-06-03 23:18:53.229 HelloCordova[39805:70b] Resetting plugins due to page load.
2014-06-03 23:18:53.474 HelloCordova[39805:70b] Finished load of: file:///Users/Priscilla/Library/Application%20Support/iPhone%20Simulator/7.1/Applications/7306F29B-A5CC-476F-9713-DCFD4F8297A2/HelloCordova.app/www/index.html#/email
Terminating in response to SpringBoard's termination.
2014-06-03 23:19:17.919 HelloCordova[40113:70b] Multi-tasking -> Device: YES, App: YES
2014-06-03 23:19:17.932 HelloCordova[40113:70b] Unlimited access to network resources
2014-06-03 23:19:18.022 HelloCordova[40113:70b] CDVPlugin class CDVStatusBar (pluginName: statusbar) does not exist.
2014-06-03 23:19:18.022 HelloCordova[40113:70b] [CDVTimer][statusbar] 0.554979ms
2014-06-03 23:19:18.024 HelloCordova[40113:70b] [CDVTimer][TotalPluginStartup] 2.820015ms
2014-06-03 23:19:18.147 HelloCordova[40113:70b] Resetting plugins due to page load.
2014-06-04 17:44:56.611 HelloCordova[47508:70b] Multi-tasking -> Device: YES, App: YES
2014-06-04 17:44:56.623 HelloCordova[47508:70b] Unlimited access to network resources
2014-06-04 17:44:56.650 HelloCordova[47508:70b] CDVPlugin class CDVStatusBar (pluginName: statusbar) does not exist.
2014-06-04 17:44:56.651 HelloCordova[47508:70b] [CDVTimer][statusbar] 1.155019ms
2014-06-04 17:44:56.651 HelloCordova[47508:70b] [CDVTimer][TotalPluginStartup] 1.654029ms
2014-06-04 17:44:56.823 HelloCordova[47508:70b] Resetting plugins due to page load.
2014-06-04 17:44:57.393 HelloCordova[47508:70b] Finished load of: file:///Users/Priscilla/Library/Application%20Support/iPhone%20Simulator/7.1/Applications/7306F29B-A5CC-476F-9713-DCFD4F8297A2/HelloCordova.app/www/index.html#/email
2014-06-04 17:45:40.939 HelloCordova[47508:70b] outside Range
2014-06-04 17:45:49.019 HelloCordova[47508:70b] outside Range
2014-06-04 17:45:50.211 HelloCordova[47508:70b] outside Range
Terminating in response to SpringBoard's termination.
2014-06-04 20:09:36.898 HelloCordova[49019:70b] Multi-tasking -> Device: YES, App: YES
2014-06-04 20:09:36.913 HelloCordova[49019:70b] Unlimited access to network resources
2014-06-04 20:09:36.967 HelloCordova[49019:70b] CDVPlugin class CDVStatusBar (pluginName: statusbar) does not exist.
2014-06-04 20:09:36.982 HelloCordova[49019:70b] [CDVTimer][statusbar] 14.976025ms
2014-06-04 20:09:36.990 HelloCordova[49019:70b] [CDVTimer][TotalPluginStartup] 23.657978ms
2014-06-04 20:09:37.144 HelloCordova[49019:70b] Resetting plugins due to page load.
2014-06-04 20:09:37.635 HelloCordova[49019:70b] Finished load of: file:///Users/Priscilla/Library/Application%20Support/iPhone%20Simulator/7.1/Applications/7306F29B-A5CC-476F-9713-DCFD4F8297A2/HelloCordova.app/www/index.html#/
2014-06-04 20:09:43.109 HelloCordova[49019:70b] what up, callbackdown
2014-06-04 20:09:43.109 HelloCordova[49019:70b] refresh
2014-06-04 20:09:46.317 HelloCordova[49019:70b] what up, callbackdown
2014-06-04 20:09:46.318 HelloCordova[49019:70b] refresh
2014-06-04 20:13:34.894 HelloCordova[50201:70b] Multi-tasking -> Device: YES, App: YES
2014-06-04 20:13:34.906 HelloCordova[50201:70b] Unlimited access to network resources
2014-06-04 20:13:34.931 HelloCordova[50201:70b] CDVPlugin class CDVStatusBar (pluginName: statusbar) does not exist.
2014-06-04 20:13:34.932 HelloCordova[50201:70b] [CDVTimer][statusbar] 0.957966ms
2014-06-04 20:13:34.933 HelloCordova[50201:70b] [CDVTimer][TotalPluginStartup] 1.766026ms
2014-06-04 20:13:35.048 HelloCordova[50201:70b] Resetting plugins due to page load.
2014-06-04 20:13:35.492 HelloCordova[50201:70b] Finished load of: file:///Users/Priscilla/Library/Application%20Support/iPhone%20Simulator/7.1/Applications/7306F29B-A5CC-476F-9713-DCFD4F8297A2/HelloCordova.app/www/index.html#/
2014-06-04 20:15:09.540 HelloCordova[50201:70b] what up, callbackdown
2014-06-04 20:15:09.540 HelloCordova[50201:70b] refresh
2014-06-04 20:15:11.369 HelloCordova[50201:70b] what up, callbackdown
2014-06-04 20:15:11.369 HelloCordova[50201:70b] refresh
2014-06-04 20:22:41.957 HelloCordova[50201:70b] what up, callbackdown
2014-06-04 20:22:41.958 HelloCordova[50201:70b] refresh
2014-06-04 20:22:50.469 HelloCordova[50201:70b] what up, callbackdown
2014-06-04 20:22:50.469 HelloCordova[50201:70b] refresh
2014-06-05 16:51:40.615 Happy Meter[54251:70b] Multi-tasking -> Device: YES, App: YES
2014-06-05 16:51:40.647 Happy Meter[54251:70b] Unlimited access to network resources
2014-06-05 16:51:40.655 Happy Meter[54251:70b] Fix applied for database locations?: YES
2014-06-05 16:51:40.850 Happy Meter[54251:70b] CDVPlugin class CDVStatusBar (pluginName: statusbar) does not exist.
2014-06-05 16:51:40.850 Happy Meter[54251:70b] [CDVTimer][statusbar] 0.454962ms
2014-06-05 16:51:40.851 Happy Meter[54251:70b] [CDVTimer][TotalPluginStartup] 0.925004ms
2014-06-05 16:51:41.016 Happy Meter[54251:70b] Resetting plugins due to page load.
2014-06-05 16:51:41.469 Happy Meter[54251:70b] Finished load of: file:///Users/Priscilla/Library/Application%20Support/iPhone%20Simulator/7.1/Applications/8002FFA3-77C1-4655-AA01-DD52662A4102/Happy%20Meter.app/www/index.html#/
2014-06-05 16:51:44.927 Happy Meter[54251:70b] outside Range
2014-06-05 19:19:19.956 Happy Meter[55921:70b] Multi-tasking -> Device: YES, App: YES
2014-06-05 19:19:20.014 Happy Meter[55921:70b] Unlimited access to network resources
2014-06-05 19:19:20.149 Happy Meter[55921:70b] CDVPlugin class CDVStatusBar (pluginName: statusbar) does not exist.
2014-06-05 19:19:20.150 Happy Meter[55921:70b] [CDVTimer][statusbar] 0.566006ms
2014-06-05 19:19:20.150 Happy Meter[55921:70b] [CDVTimer][TotalPluginStartup] 1.169980ms
2014-06-05 19:19:20.297 Happy Meter[55921:70b] Resetting plugins due to page load.
2014-06-05 19:19:20.894 Happy Meter[55921:70b] Finished load of: file:///Users/Priscilla/Library/Application%20Support/iPhone%20Simulator/7.1/Applications/8002FFA3-77C1-4655-AA01-DD52662A4102/Happy%20Meter.app/www/index.html#/
2014-06-05 19:19:22.266 Happy Meter[55921:70b] outside Range
Terminating in response to SpringBoard's termination.
